[0.682s] Invoking command in '/home/fujingchao/HRI_Lab3/build/proxemic_detector_pkg': PYTHONPATH=/home/fujingchao/HRI_Lab3/install/proxemic_detector_pkg/lib/python3.8/site-packages:${PYTHONPATH} /usr/bin/python3 setup.py develop --prefix /home/fujingchao/HRI_Lab3/install/proxemic_detector_pkg --uninstall --editable --build-directory /home/fujingchao/HRI_Lab3/build/proxemic_detector_pkg/build
[0.924s] running develop
[1.090s] Invoked command in '/home/fujingchao/HRI_Lab3/build/proxemic_detector_pkg' returned '0': PYTHONPATH=/home/fujingchao/HRI_Lab3/install/proxemic_detector_pkg/lib/python3.8/site-packages:${PYTHONPATH} /usr/bin/python3 setup.py develop --prefix /home/fujingchao/HRI_Lab3/install/proxemic_detector_pkg --uninstall --editable --build-directory /home/fujingchao/HRI_Lab3/build/proxemic_detector_pkg/build
[1.090s] Invoking command in '/home/fujingchao/HRI_Lab3/proxemic_detector_pkg': PYTHONPATH=/home/fujingchao/HRI_Lab3/install/proxemic_detector_pkg/lib/python3.8/site-packages:${PYTHONPATH} /usr/bin/python3 setup.py egg_info --egg-base ../build/proxemic_detector_pkg build --build-base /home/fujingchao/HRI_Lab3/build/proxemic_detector_pkg/build install --prefix /home/fujingchao/HRI_Lab3/install/proxemic_detector_pkg --record /home/fujingchao/HRI_Lab3/build/proxemic_detector_pkg/install.log --single-version-externally-managed
[1.303s] running egg_info
[1.304s] writing ../build/proxemic_detector_pkg/proxemic_detector_pkg.egg-info/PKG-INFO
[1.304s] writing dependency_links to ../build/proxemic_detector_pkg/proxemic_detector_pkg.egg-info/dependency_links.txt
[1.305s] writing entry points to ../build/proxemic_detector_pkg/proxemic_detector_pkg.egg-info/entry_points.txt
[1.305s] writing requirements to ../build/proxemic_detector_pkg/proxemic_detector_pkg.egg-info/requires.txt
[1.305s] writing top-level names to ../build/proxemic_detector_pkg/proxemic_detector_pkg.egg-info/top_level.txt
[1.340s] reading manifest file '../build/proxemic_detector_pkg/proxemic_detector_pkg.egg-info/SOURCES.txt'
[1.341s] writing manifest file '../build/proxemic_detector_pkg/proxemic_detector_pkg.egg-info/SOURCES.txt'
[1.341s] running build
[1.342s] running build_py
[1.342s] copying proxemic_detector_pkg/proxemic_detector_node.py -> /home/fujingchao/HRI_Lab3/build/proxemic_detector_pkg/build/lib/proxemic_detector_pkg
[1.342s] running install
[1.343s] running install_lib
[1.345s] copying /home/fujingchao/HRI_Lab3/build/proxemic_detector_pkg/build/lib/proxemic_detector_pkg/proxemic_detector_node.py -> /home/fujingchao/HRI_Lab3/install/proxemic_detector_pkg/lib/python3.8/site-packages/proxemic_detector_pkg
[1.346s] byte-compiling /home/fujingchao/HRI_Lab3/install/proxemic_detector_pkg/lib/python3.8/site-packages/proxemic_detector_pkg/proxemic_detector_node.py to proxemic_detector_node.cpython-38.pyc
[1.351s] running install_data
[1.352s] running install_egg_info
[1.354s] removing '/home/fujingchao/HRI_Lab3/install/proxemic_detector_pkg/lib/python3.8/site-packages/proxemic_detector_pkg-0.0.0-py3.8.egg-info' (and everything under it)
[1.354s] Copying ../build/proxemic_detector_pkg/proxemic_detector_pkg.egg-info to /home/fujingchao/HRI_Lab3/install/proxemic_detector_pkg/lib/python3.8/site-packages/proxemic_detector_pkg-0.0.0-py3.8.egg-info
[1.355s] running install_scripts
[1.377s] Installing proxemic_detector_node script to /home/fujingchao/HRI_Lab3/install/proxemic_detector_pkg/lib/proxemic_detector_pkg
[1.377s] writing list of installed files to '/home/fujingchao/HRI_Lab3/build/proxemic_detector_pkg/install.log'
[1.401s] Invoked command in '/home/fujingchao/HRI_Lab3/proxemic_detector_pkg' returned '0': PYTHONPATH=/home/fujingchao/HRI_Lab3/install/proxemic_detector_pkg/lib/python3.8/site-packages:${PYTHONPATH} /usr/bin/python3 setup.py egg_info --egg-base ../build/proxemic_detector_pkg build --build-base /home/fujingchao/HRI_Lab3/build/proxemic_detector_pkg/build install --prefix /home/fujingchao/HRI_Lab3/install/proxemic_detector_pkg --record /home/fujingchao/HRI_Lab3/build/proxemic_detector_pkg/install.log --single-version-externally-managed
