[1.749s] Invoking command in '/home/fujingchao/HRI_Lab3/build/proxemic_detector_pkg': PYTHONPATH=/home/fujingchao/HRI_Lab3/install/proxemic_detector_pkg/lib/python3.8/site-packages:${PYTHONPATH} /usr/bin/python3 setup.py develop --prefix /home/fujingchao/HRI_Lab3/install/proxemic_detector_pkg --uninstall --editable --build-directory /home/fujingchao/HRI_Lab3/build/proxemic_detector_pkg/build
[2.366s] running develop
[2.803s] Invoked command in '/home/fujingchao/HRI_Lab3/build/proxemic_detector_pkg' returned '0': PYTHONPATH=/home/fujingchao/HRI_Lab3/install/proxemic_detector_pkg/lib/python3.8/site-packages:${PYTHONPATH} /usr/bin/python3 setup.py develop --prefix /home/fujingchao/HRI_Lab3/install/proxemic_detector_pkg --uninstall --editable --build-directory /home/fujingchao/HRI_Lab3/build/proxemic_detector_pkg/build
[2.805s] Invoking command in '/home/fujingchao/HRI_Lab3/proxemic_detector_pkg': PYTHONPATH=/home/fujingchao/HRI_Lab3/install/proxemic_detector_pkg/lib/python3.8/site-packages:${PYTHONPATH} /usr/bin/python3 setup.py egg_info --egg-base ../build/proxemic_detector_pkg build --build-base /home/fujingchao/HRI_Lab3/build/proxemic_detector_pkg/build install --prefix /home/fujingchao/HRI_Lab3/install/proxemic_detector_pkg --record /home/fujingchao/HRI_Lab3/build/proxemic_detector_pkg/install.log --single-version-externally-managed
[3.396s] running egg_info
[3.398s] writing ../build/proxemic_detector_pkg/proxemic_detector_pkg.egg-info/PKG-INFO
[3.399s] writing dependency_links to ../build/proxemic_detector_pkg/proxemic_detector_pkg.egg-info/dependency_links.txt
[3.400s] writing entry points to ../build/proxemic_detector_pkg/proxemic_detector_pkg.egg-info/entry_points.txt
[3.401s] writing requirements to ../build/proxemic_detector_pkg/proxemic_detector_pkg.egg-info/requires.txt
[3.401s] writing top-level names to ../build/proxemic_detector_pkg/proxemic_detector_pkg.egg-info/top_level.txt
[3.467s] reading manifest file '../build/proxemic_detector_pkg/proxemic_detector_pkg.egg-info/SOURCES.txt'
[3.470s] writing manifest file '../build/proxemic_detector_pkg/proxemic_detector_pkg.egg-info/SOURCES.txt'
[3.470s] running build
[3.471s] running build_py
[3.472s] running install
[3.473s] running install_lib
[3.478s] running install_data
[3.479s] running install_egg_info
[3.483s] removing '/home/fujingchao/HRI_Lab3/install/proxemic_detector_pkg/lib/python3.8/site-packages/proxemic_detector_pkg-0.0.0-py3.8.egg-info' (and everything under it)
[3.494s] Copying ../build/proxemic_detector_pkg/proxemic_detector_pkg.egg-info to /home/fujingchao/HRI_Lab3/install/proxemic_detector_pkg/lib/python3.8/site-packages/proxemic_detector_pkg-0.0.0-py3.8.egg-info
[3.496s] running install_scripts
[3.532s] Installing proxemic_detector_node script to /home/fujingchao/HRI_Lab3/install/proxemic_detector_pkg/lib/proxemic_detector_pkg
[3.534s] writing list of installed files to '/home/fujingchao/HRI_Lab3/build/proxemic_detector_pkg/install.log'
[3.590s] Invoked command in '/home/fujingchao/HRI_Lab3/proxemic_detector_pkg' returned '0': PYTHONPATH=/home/fujingchao/HRI_Lab3/install/proxemic_detector_pkg/lib/python3.8/site-packages:${PYTHONPATH} /usr/bin/python3 setup.py egg_info --egg-base ../build/proxemic_detector_pkg build --build-base /home/fujingchao/HRI_Lab3/build/proxemic_detector_pkg/build install --prefix /home/fujingchao/HRI_Lab3/install/proxemic_detector_pkg --record /home/fujingchao/HRI_Lab3/build/proxemic_detector_pkg/install.log --single-version-externally-managed
