[1.645s] Invoking command in '/home/fujingchao/HRI_Lab3/build/proxemic_detector_pkg': PYTHONPATH=/home/fujingchao/HRI_Lab3/install/proxemic_detector_pkg/lib/python3.8/site-packages:${PYTHONPATH} /usr/bin/python3 setup.py develop --prefix /home/fujingchao/HRI_Lab3/install/proxemic_detector_pkg --uninstall --editable --build-directory /home/fujingchao/HRI_Lab3/build/proxemic_detector_pkg/build
[2.262s] running develop
[2.655s] Invoked command in '/home/fujingchao/HRI_Lab3/build/proxemic_detector_pkg' returned '0': PYTHONPATH=/home/fujingchao/HRI_Lab3/install/proxemic_detector_pkg/lib/python3.8/site-packages:${PYTHONPATH} /usr/bin/python3 setup.py develop --prefix /home/fujingchao/HRI_Lab3/install/proxemic_detector_pkg --uninstall --editable --build-directory /home/fujingchao/HRI_Lab3/build/proxemic_detector_pkg/build
[2.667s] Invoking command in '/home/fujingchao/HRI_Lab3/proxemic_detector_pkg': PYTHONPATH=/home/fujingchao/HRI_Lab3/install/proxemic_detector_pkg/lib/python3.8/site-packages:${PYTHONPATH} /usr/bin/python3 setup.py egg_info --egg-base ../build/proxemic_detector_pkg build --build-base /home/fujingchao/HRI_Lab3/build/proxemic_detector_pkg/build install --prefix /home/fujingchao/HRI_Lab3/install/proxemic_detector_pkg --record /home/fujingchao/HRI_Lab3/build/proxemic_detector_pkg/install.log --single-version-externally-managed
[3.241s] running egg_info
[3.242s] writing ../build/proxemic_detector_pkg/proxemic_detector_pkg.egg-info/PKG-INFO
[3.243s] writing dependency_links to ../build/proxemic_detector_pkg/proxemic_detector_pkg.egg-info/dependency_links.txt
[3.244s] writing entry points to ../build/proxemic_detector_pkg/proxemic_detector_pkg.egg-info/entry_points.txt
[3.245s] writing requirements to ../build/proxemic_detector_pkg/proxemic_detector_pkg.egg-info/requires.txt
[3.245s] writing top-level names to ../build/proxemic_detector_pkg/proxemic_detector_pkg.egg-info/top_level.txt
[3.304s] reading manifest file '../build/proxemic_detector_pkg/proxemic_detector_pkg.egg-info/SOURCES.txt'
[3.306s] writing manifest file '../build/proxemic_detector_pkg/proxemic_detector_pkg.egg-info/SOURCES.txt'
[3.307s] running build
[3.307s] running build_py
[3.308s] copying proxemic_detector_pkg/proxemic_detector_node.py -> /home/fujingchao/HRI_Lab3/build/proxemic_detector_pkg/build/lib/proxemic_detector_pkg
[3.308s] running install
[3.309s] running install_lib
[3.313s] copying /home/fujingchao/HRI_Lab3/build/proxemic_detector_pkg/build/lib/proxemic_detector_pkg/proxemic_detector_node.py -> /home/fujingchao/HRI_Lab3/install/proxemic_detector_pkg/lib/python3.8/site-packages/proxemic_detector_pkg
[3.314s] byte-compiling /home/fujingchao/HRI_Lab3/install/proxemic_detector_pkg/lib/python3.8/site-packages/proxemic_detector_pkg/proxemic_detector_node.py to proxemic_detector_node.cpython-38.pyc
[3.324s] running install_data
[3.325s] running install_egg_info
[3.328s] removing '/home/fujingchao/HRI_Lab3/install/proxemic_detector_pkg/lib/python3.8/site-packages/proxemic_detector_pkg-0.0.0-py3.8.egg-info' (and everything under it)
[3.339s] Copying ../build/proxemic_detector_pkg/proxemic_detector_pkg.egg-info to /home/fujingchao/HRI_Lab3/install/proxemic_detector_pkg/lib/python3.8/site-packages/proxemic_detector_pkg-0.0.0-py3.8.egg-info
[3.342s] running install_scripts
[3.379s] Installing proxemic_detector_node script to /home/fujingchao/HRI_Lab3/install/proxemic_detector_pkg/lib/proxemic_detector_pkg
[3.380s] writing list of installed files to '/home/fujingchao/HRI_Lab3/build/proxemic_detector_pkg/install.log'
[3.432s] Invoked command in '/home/fujingchao/HRI_Lab3/proxemic_detector_pkg' returned '0': PYTHONPATH=/home/fujingchao/HRI_Lab3/install/proxemic_detector_pkg/lib/python3.8/site-packages:${PYTHONPATH} /usr/bin/python3 setup.py egg_info --egg-base ../build/proxemic_detector_pkg build --build-base /home/fujingchao/HRI_Lab3/build/proxemic_detector_pkg/build install --prefix /home/fujingchao/HRI_Lab3/install/proxemic_detector_pkg --record /home/fujingchao/HRI_Lab3/build/proxemic_detector_pkg/install.log --single-version-externally-managed
