[0.843s] Invoking command in '/home/fujingchao/HRI_Lab3/build/proxemic_detector_pkg': PYTHONPATH=/home/fujingchao/HRI_Lab3/install/proxemic_detector_pkg/lib/python3.8/site-packages:${PYTHONPATH} /usr/bin/python3 setup.py develop --prefix /home/fujingchao/HRI_Lab3/install/proxemic_detector_pkg --uninstall --editable --build-directory /home/fujingchao/HRI_Lab3/build/proxemic_detector_pkg/build
[1.106s] running develop
[1.301s] Invoked command in '/home/fujingchao/HRI_Lab3/build/proxemic_detector_pkg' returned '0': PYTHONPATH=/home/fujingchao/HRI_Lab3/install/proxemic_detector_pkg/lib/python3.8/site-packages:${PYTHONPATH} /usr/bin/python3 setup.py develop --prefix /home/fujingchao/HRI_Lab3/install/proxemic_detector_pkg --uninstall --editable --build-directory /home/fujingchao/HRI_Lab3/build/proxemic_detector_pkg/build
[1.302s] Invoking command in '/home/fujingchao/HRI_Lab3/proxemic_detector_pkg': PYTHONPATH=/home/fujingchao/HRI_Lab3/install/proxemic_detector_pkg/lib/python3.8/site-packages:${PYTHONPATH} /usr/bin/python3 setup.py egg_info --egg-base ../build/proxemic_detector_pkg build --build-base /home/fujingchao/HRI_Lab3/build/proxemic_detector_pkg/build install --prefix /home/fujingchao/HRI_Lab3/install/proxemic_detector_pkg --record /home/fujingchao/HRI_Lab3/build/proxemic_detector_pkg/install.log --single-version-externally-managed
[1.564s] running egg_info
[1.565s] writing ../build/proxemic_detector_pkg/proxemic_detector_pkg.egg-info/PKG-INFO
[1.566s] writing dependency_links to ../build/proxemic_detector_pkg/proxemic_detector_pkg.egg-info/dependency_links.txt
[1.566s] writing entry points to ../build/proxemic_detector_pkg/proxemic_detector_pkg.egg-info/entry_points.txt
[1.566s] writing requirements to ../build/proxemic_detector_pkg/proxemic_detector_pkg.egg-info/requires.txt
[1.566s] writing top-level names to ../build/proxemic_detector_pkg/proxemic_detector_pkg.egg-info/top_level.txt
[1.605s] reading manifest file '../build/proxemic_detector_pkg/proxemic_detector_pkg.egg-info/SOURCES.txt'
[1.606s] writing manifest file '../build/proxemic_detector_pkg/proxemic_detector_pkg.egg-info/SOURCES.txt'
[1.607s] running build
[1.607s] running build_py
[1.607s] copying proxemic_detector_pkg/proxemic_detector_node.py -> /home/fujingchao/HRI_Lab3/build/proxemic_detector_pkg/build/lib/proxemic_detector_pkg
[1.607s] running install
[1.608s] running install_lib
[1.609s] copying /home/fujingchao/HRI_Lab3/build/proxemic_detector_pkg/build/lib/proxemic_detector_pkg/proxemic_detector_node.py -> /home/fujingchao/HRI_Lab3/install/proxemic_detector_pkg/lib/python3.8/site-packages/proxemic_detector_pkg
[1.611s] byte-compiling /home/fujingchao/HRI_Lab3/install/proxemic_detector_pkg/lib/python3.8/site-packages/proxemic_detector_pkg/proxemic_detector_node.py to proxemic_detector_node.cpython-38.pyc
[1.614s] running install_data
[1.615s] running install_egg_info
[1.617s] removing '/home/fujingchao/HRI_Lab3/install/proxemic_detector_pkg/lib/python3.8/site-packages/proxemic_detector_pkg-0.0.0-py3.8.egg-info' (and everything under it)
[1.617s] Copying ../build/proxemic_detector_pkg/proxemic_detector_pkg.egg-info to /home/fujingchao/HRI_Lab3/install/proxemic_detector_pkg/lib/python3.8/site-packages/proxemic_detector_pkg-0.0.0-py3.8.egg-info
[1.618s] running install_scripts
[1.646s] Installing proxemic_detector_node script to /home/fujingchao/HRI_Lab3/install/proxemic_detector_pkg/lib/proxemic_detector_pkg
[1.648s] writing list of installed files to '/home/fujingchao/HRI_Lab3/build/proxemic_detector_pkg/install.log'
[1.689s] Invoked command in '/home/fujingchao/HRI_Lab3/proxemic_detector_pkg' returned '0': PYTHONPATH=/home/fujingchao/HRI_Lab3/install/proxemic_detector_pkg/lib/python3.8/site-packages:${PYTHONPATH} /usr/bin/python3 setup.py egg_info --egg-base ../build/proxemic_detector_pkg build --build-base /home/fujingchao/HRI_Lab3/build/proxemic_detector_pkg/build install --prefix /home/fujingchao/HRI_Lab3/install/proxemic_detector_pkg --record /home/fujingchao/HRI_Lab3/build/proxemic_detector_pkg/install.log --single-version-externally-managed
